<?xml version="1.0" encoding="UTF-8"?>
<!-- Generated by org.testng.reporters.JUnitXMLReporter -->
<testsuite ignored="0" hostname="DESKTOP-6H16DD4" failures="1" tests="1" name="Default test" time="59.434" errors="0" timestamp="2023-05-07T14:20:07 IST">
  <testcase classname="io.cucumber.testng.AbstractTestNGCucumberTests" name="runScenario" time="55.09">
    <failure type="java.lang.Error" message="Unresolved compilation problem: 
	ExpectedConditions cannot be resolved
">
      <![CDATA[java.lang.Error: Unresolved compilation problem: 
ExpectedConditions cannot be resolved

at commonUtils.CommonUtils.waitExplicit(CommonUtils.java:17)
at stepDef.PageObject.selectAdd(PageObject.java:55)
at stepDef.PriceFilterStepDef.i_enter_as_the_address(PriceFilterStepDef.java:36)
at ✽.I enter "Sydney,NSW" as the address(file:///C:/Users/MAYUR%20SUVARNA/eclipse-workspace/UberCarShareTask/src/test/resources/Features/PriceFilter.feature:7)
]]>
    </failure>
  </testcase> <!-- runScenario -->
</testsuite> <!-- Default test -->
