<?xml version="1.0" encoding="UTF-8"?>
<testng-results ignored="0" total="1" passed="1" failed="0" skipped="0">
  <reporter-output>
  </reporter-output>
  <suite started-at="2023-05-07T16:07:22 IST" name="Suite" finished-at="2023-05-07T16:08:13 IST" duration-ms="51176">
    <groups>
      <group name="cucumber">
        <method signature="TestRunner.runScenario(io.cucumber.testng.PickleWrapper,io.cucumber.testng.FeatureWrapper)[pri:0, instance:runnerFile.TestRunner@1fa121e2]" name="runScenario" class="runnerFile.TestRunner"/>
      </group> <!-- cucumber -->
    </groups>
    <test started-at="2023-05-07T16:07:22 IST" name="Test" finished-at="2023-05-07T16:08:13 IST" duration-ms="51176">
      <class name="runnerFile.TestRunner">
        <test-method is-config="true" signature="setUpClass(org.testng.ITestContext)[pri:0, instance:runnerFile.TestRunner@1fa121e2]" started-at="2023-05-07T16:07:22 IST" name="setUpClass" finished-at="2023-05-07T16:07:24 IST" duration-ms="1615" status="PASS">
          <params>
            <param index="0">
              <value>
                <![CDATA[org.testng.TestRunner@492521c4]]>
              </value>
            </param>
          </params>
          <reporter-output>
          </reporter-output>
        </test-method> <!-- setUpClass -->
        <test-method is-config="true" signature="setUpClass()[pri:0, instance:runnerFile.TestRunner@1fa121e2]" started-at="2023-05-07T16:07:24 IST" name="setUpClass" finished-at="2023-05-07T16:07:24 IST" duration-ms="76" status="PASS">
          <reporter-output>
          </reporter-output>
        </test-method> <!-- setUpClass -->
        <test-method signature="runScenario(io.cucumber.testng.PickleWrapper,io.cucumber.testng.FeatureWrapper)[pri:0, instance:runnerFile.TestRunner@1fa121e2]" started-at="2023-05-07T16:07:24 IST" name="runScenario" description="Runs Cucumber Scenarios" data-provider="scenarios" finished-at="2023-05-07T16:08:08 IST" duration-ms="44090" status="PASS">
          <params>
            <param index="0">
              <value>
                <![CDATA["Search for car rentals in Sydney, NSW within a price range"]]>
              </value>
            </param>
            <param index="1">
              <value>
                <![CDATA["Search for car rentals on Ubercarshare"]]>
              </value>
            </param>
          </params>
          <reporter-output>
          </reporter-output>
        </test-method> <!-- runScenario -->
        <test-method is-config="true" signature="tearDown()[pri:0, instance:runnerFile.TestRunner@1fa121e2]" started-at="2023-05-07T16:08:08 IST" name="tearDown" finished-at="2023-05-07T16:08:13 IST" duration-ms="4756" status="PASS">
          <reporter-output>
          </reporter-output>
        </test-method> <!-- tearDown -->
        <test-method is-config="true" signature="tearDownClass()[pri:0, instance:runnerFile.TestRunner@1fa121e2]" started-at="2023-05-07T16:08:13 IST" name="tearDownClass" finished-at="2023-05-07T16:08:13 IST" duration-ms="550" status="PASS">
          <reporter-output>
          </reporter-output>
        </test-method> <!-- tearDownClass -->
      </class> <!-- runnerFile.TestRunner -->
    </test> <!-- Test -->
  </suite> <!-- Suite -->
</testng-results>
